make all --print-data-base --no-builtin-variables --no-builtin-rules --question
# GNU Make 3.81
# Copyright (C) 2006  Free Software Foundation, Inc.
# This is free software; see the source for copying conditions.
# There is NO warranty; not even for MERCHANTABILITY or FITNESS FOR A
# PARTICULAR PURPOSE.

# This program built for i386-apple-darwin11.3.0
 
make: *** No rule to make target `all'.  Stop.


# Make data base, printed on Thu Jun 30 16:20:02 2022

# Variables

# automatic
<D = $(patsubst %/,%,$(dir $<))
# automatic
?F = $(notdir $?)
# environment
VSCODE_LOG_NATIVE = false
# automatic
?D = $(patsubst %/,%,$(dir $?))
# automatic
@D = $(patsubst %/,%,$(dir $@))
# automatic
@F = $(notdir $@)
# makefile
CURDIR := /Users/royyang/Desktop/Acala
# makefile
SHELL = /bin/sh
# environment
VSCODE_NLS_CONFIG = {"locale":"en-gb","availableLanguages":{},"_languagePackSupport":true}
# environment
_ = /usr/bin/make
# makefile (from `Makefile', line 1)
MAKEFILE_LIST :=  Makefile
# environment
VSCODE_VERBOSE_LOGGING = true
# environment
__CFBundleIdentifier = com.microsoft.VSCode
# environment
INFOPATH = /opt/homebrew/share/info:
# environment
VSCODE_IPC_HOOK_EXTHOST = /var/folders/y_/f8fphq615yx4g8m11yb7gngw0000gn/T/vscode-ipc-660d7b33-869c-4418-9a8c-ed857252727e.sock
# environment
VSCODE_CWD = /
# environment
PATH = /Users/royyang/.yarn/bin:/Users/royyang/.config/yarn/global/node_modules/.bin:/opt/homebrew/bin:/opt/homebrew/sbin:/usr/local/bin:/usr/bin:/bin:/usr/sbin:/sbin:/Library/Apple/usr/bin:/Users/royyang/.cargo/bin
# environment
VSCODE_LOG_STACK = false
# environment
ELECTRON_RUN_AS_NODE = 1
# default
.FEATURES := target-specific order-only second-expansion else-if archives jobserver check-symlink
# environment
SSH_AUTH_SOCK = /private/tmp/com.apple.launchd.1jrzZSKrVv/Listeners
# automatic
%F = $(notdir $%)
# environment
VSCODE_PIPE_LOGGING = true
# environment
PWD = /Users/royyang/Desktop/Acala
# environment
HOMEBREW_CELLAR = /opt/homebrew/Cellar
# environment
ORIGINAL_XDG_CURRENT_DESKTOP = undefined
# environment
MANPATH = /opt/homebrew/share/man::
# environment
VSCODE_AMD_ENTRYPOINT = vs/workbench/api/node/extensionHostProcess
# environment
HOME = /Users/royyang
# default
MAKEFILEPATH := /Applications/Xcode.app/Contents/Developer/Makefiles
# environment
VSCODE_CODE_CACHE_PATH = /Users/royyang/Library/Application Support/Code/CachedData/30d9c6cd9483b2cc586687151bcbcd635f373630
# environment
LOGNAME = royyang
# environment
APPLICATION_INSIGHTS_NO_DIAGNOSTIC_CHANNEL = 1
# environment
VSCODE_HANDLES_UNCAUGHT_ERRORS = true
# automatic
^D = $(patsubst %/,%,$(dir $^))
# environment
XPC_FLAGS = 0x0
# default
MAKE = $(MAKE_COMMAND)
# default
MAKECMDGOALS := all
# environment
SHLVL = 1
# default
MAKE_VERSION := 3.81
# environment
USER = royyang
# makefile
.DEFAULT_GOAL := run
# automatic
%D = $(patsubst %/,%,$(dir $%))
# default
MAKE_COMMAND := /Applications/Xcode.app/Contents/Developer/usr/bin/make
# default
.VARIABLES := 
# environment
TMPDIR = /var/folders/y_/f8fphq615yx4g8m11yb7gngw0000gn/T/
# automatic
*F = $(notdir $*)
# environment
VSCODE_IPC_HOOK = /Users/royyang/Library/Application Support/Code/1.68.1-main.sock
# makefile
MAKEFLAGS = Rrqp
# environment
MFLAGS = -Rrqp
# automatic
*D = $(patsubst %/,%,$(dir $*))
# environment
XPC_SERVICE_NAME = application.com.microsoft.VSCode.103561129.103561136
# environment
HOMEBREW_PREFIX = /opt/homebrew
# automatic
+D = $(patsubst %/,%,$(dir $+))
# makefile (from `Makefile', line 170)
GITHOOKS_DEST = $(patsubst githooks/%, .git/hooks/%, $(GITHOOKS_SRC))
# automatic
+F = $(notdir $+)
# environment
HOMEBREW_REPOSITORY = /opt/homebrew
# environment
__CF_USER_TEXT_ENCODING = 0x1F5:0x0:0xF
# environment
COMMAND_MODE = unix2003
# default
MAKEFILES := 
# automatic
<F = $(notdir $<)
# environment
LC_ALL = C
# automatic
^F = $(notdir $^)
# default
SUFFIXES := 
# default
.INCLUDE_DIRS = /usr/local/include
# environment
MAKELEVEL := 0
# environment
LANG = C
# environment
VSCODE_PID = 71792
# makefile (from `Makefile', line 169)
GITHOOKS_SRC = $(wildcard githooks/*)
# variable set hash-table stats:
# Load=69/1024=7%, Rehash=0, Collisions=1/95=1%

# Pattern-specific Variable Values

# No pattern-specific variable values.

# Directories

# . (device 16777234, inode 49584921): 38 files, no impossibilities.
# githooks (device 16777234, inode 49585056): 3 files, no impossibilities.

# 41 files, no impossibilities in 2 directories.

# Implicit Rules

.git/hooks/%: githooks/%
#  commands to execute (from `Makefile', line 176):
	cp $^ $@
	

# 1 implicit rules, 0 (0.0%) terminal.

# Files

test-benchmarking:
#  Phony target (prerequisite of .PHONY).
#  Implicit rule search has not been done.
#  File does not exist.
#  File has not been updated.
#  commands to execute (from `Makefile', line 153):
	cargo test --features bench --package module-evm --package runtime-common
	cargo test --features runtime-benchmarks --features with-all-runtime --features --all benchmarking
	

build-release:
#  Phony target (prerequisite of .PHONY).
#  Implicit rule search has not been done.
#  File does not exist.
#  File has not been updated.
#  commands to execute (from `Makefile', line 40):
	cargo build --locked --features with-all-runtime --profile production --workspace --exclude runtime-integration-tests --exclude e2e-tests --exclude test-service
	

test-evm: githooks
#  Phony target (prerequisite of .PHONY).
#  Implicit rule search has not been done.
#  File does not exist.
#  File has not been updated.
#  commands to execute (from `Makefile', line 134):
	SKIP_WASM_BUILD= cargo test --manifest-path evm-tests/jsontests/Cargo.toml
	

build-wasm-mandala:
#  Phony target (prerequisite of .PHONY).
#  Implicit rule search has not been done.
#  File does not exist.
#  File has not been updated.
#  commands to execute (from `Makefile', line 202):
	./scripts/build-only-wasm.sh --profile production -p mandala-runtime --features=on-chain-release-build --workspace --exclude runtime-integration-tests --exclude e2e-tests
	

githooks: .git/hooks .git/hooks/pre-commit
#  Phony target (prerequisite of .PHONY).
#  Implicit rule search has not been done.
#  File does not exist.
#  File has not been updated.

check-try-runtime:
#  Phony target (prerequisite of .PHONY).
#  Implicit rule search has not been done.
#  File does not exist.
#  File has not been updated.
#  commands to execute (from `Makefile', line 108):
	SKIP_WASM_BUILD= cargo check --features try-runtime --features with-all-runtime
	

# Not a target:
all:
#  Command-line target.
#  Implicit rule search has been done.
#  File does not exist.
#  File has not been updated.
# variable set hash-table stats:
# Load=0/32=0%, Rehash=0, Collisions=0/0=0%

# Not a target:
.git/hooks/pre-commit:
#  Implicit rule search has not been done.
#  Modification time never checked.
#  File has not been updated.

.PHONY: run run-eth run-karura run-acala toolchain build build-full build-all build-benches build-release build-mandala-release build-karura-release build-acala-release build-mandala-internal-release build-karura-internal-release build-acala-internal-release check check check check-tests check-all check-runtimes check-benchmarks check-integration-tests check-debug check-try-runtime try-runtime-karura try-runtime-mandala try-runtime-acala test test-eth test-evm test-runtimes test-e2e test-ts test-benchmarking test-all purge restart githooks init submodule update-orml update cargo-update build-wasm-mandala build-wasm-karura build-wasm-acala srtool-build-wasm-mandala srtool-build-wasm-karura srtool-build-wasm-acala generate-tokens benchmark-mandala benchmark-karura benchmark-acala clippy-fix bench-evm
#  Implicit rule search has not been done.
#  Modification time never checked.
#  File has not been updated.

check-acala: githooks
#  Implicit rule search has not been done.
#  Modification time never checked.
#  File has not been updated.
#  commands to execute (from `Makefile', line 76):
	SKIP_WASM_BUILD= cargo check --features with-acala-runtime
	

build-acala-release:
#  Phony target (prerequisite of .PHONY).
#  Implicit rule search has not been done.
#  File does not exist.
#  File has not been updated.
#  commands to execute (from `Makefile', line 52):
	cargo build --locked --features with-acala-runtime --profile production --workspace --exclude runtime-integration-tests --exclude e2e-tests --exclude test-service
	

check-benchmarks:
#  Phony target (prerequisite of .PHONY).
#  Implicit rule search has not been done.
#  File does not exist.
#  File has not been updated.
 
#  commands to execute (from `Makefile', line 91):
	SKIP_WASM_BUILD= cargo check --features bench --package module-evm
	SKIP_WASM_BUILD= cargo check --features runtime-benchmarks --no-default-features --target=wasm32-unknown-unknown -p mandala-runtime
	SKIP_WASM_BUILD= cargo check --features runtime-benchmarks --no-default-features --target=wasm32-unknown-unknown -p karura-runtime
	SKIP_WASM_BUILD= cargo check --features runtime-benchmarks --no-default-features --target=wasm32-unknown-unknown -p acala-runtime
	

benchmark-karura:
#  Phony target (prerequisite of .PHONY).
#  Implicit rule search has not been done.
#  File does not exist.
#  File has not been updated.
#  commands to execute (from `Makefile', line 234):
	cargo run --profile production --features=runtime-benchmarks --features=with-karura-runtime -- benchmark --chain=karura-dev --steps=50 --repeat=20 '--pallet=*' '--extrinsic=*' --execution=wasm --wasm-execution=compiled --heap-pages=4096 --template=./templates/runtime-weight-template.hbs --output=./runtime/karura/src/weights/
	

srtool-build-wasm-karura:
#  Phony target (prerequisite of .PHONY).
#  Implicit rule search has not been done.
#  File does not exist.
#  File has not been updated.
#  commands to execute (from `Makefile', line 218):
	PACKAGE=karura-runtime PROFILE=production BUILD_OPTS="--features on-chain-release-build,no-metadata-docs" ./scripts/srtool-build.sh
	

build-wasm-acala:
#  Phony target (prerequisite of .PHONY).
#  Implicit rule search has not been done.
#  File does not exist.
#  File has not been updated.
#  commands to execute (from `Makefile', line 210):
	./scripts/build-only-wasm.sh --profile production -p acala-runtime --features=on-chain-release-build --workspace --exclude runtime-integration-tests --exclude e2e-tests
	

try-runtime-karura:
#  Phony target (prerequisite of .PHONY).
#  Implicit rule search has not been done.
#  File does not exist.
#  File has not been updated.
#  commands to execute (from `Makefile', line 112):
	SKIP_WASM_BUILD= cargo run --features with-karura-runtime --features try-runtime -- try-runtime --chain=karura-dev --wasm-execution=compiled on-runtime-upgrade live --uri wss://karura.api.onfinality.io:443/public-ws -s /tmp/snapshot.bin
	

check-karura: githooks
#  Implicit rule search has not been done.
#  Modification time never checked.
#  File has not been updated.
#  commands to execute (from `Makefile', line 72):
	SKIP_WASM_BUILD= cargo check --features with-karura-runtime
	

build-benches:
#  Phony target (prerequisite of .PHONY).
#  Implicit rule search has not been done.
#  File does not exist.
#  File has not been updated.
#  commands to execute (from `Makefile', line 35):
	cargo bench --locked --no-run --features bench --package module-evm
	cargo bench --locked --no-run --features bench --package runtime-common
	

# Not a target:
.SUFFIXES:
#  Implicit rule search has not been done.
#  Modification time never checked.
#  File has not been updated.

# Not a target:
Makefile:
#  Implicit rule search has been done.
#  Last modified 2022-06-16 17:14:08
#  File has been updated.
#  Successfully updated.
# variable set hash-table stats:
# Load=0/32=0%, Rehash=0, Collisions=0/0=0%

build-karura-internal-release:
#  Phony target (prerequisite of .PHONY).
#  Implicit rule search has not been done.
#  File does not exist.
#  File has not been updated.
#  commands to execute (from `Makefile', line 60):
	cargo build --locked --features with-karura-runtime --release --workspace --exclude runtime-integration-tests --exclude e2e-tests --exclude test-service
	

test-eth: githooks test-evm
#  Phony target (prerequisite of .PHONY).
#  Implicit rule search has not been done.
#  File does not exist.
#  File has not been updated.
#  commands to execute (from `Makefile', line 128):
	SKIP_WASM_BUILD= cargo test -p runtime-common --features with-ethereum-compatibility schedule_call_precompile_should_work
	SKIP_WASM_BUILD= cargo test -p runtime-integration-tests --features with-mandala-runtime --features with-ethereum-compatibility should_not_kill_contract_on_transfer_all
	SKIP_WASM_BUILD= cargo test -p runtime-integration-tests --features with-mandala-runtime --features with-ethereum-compatibility schedule_call_precompile_should_handle_invalid_input
	

restart: purge run
#  Phony target (prerequisite of .PHONY).
#  Implicit rule search has not been done.
#  File does not exist.
#  File has not been updated.

update: update-orml cargo-update check-all
#  Phony target (prerequisite of .PHONY).
#  Implicit rule search has not been done.
#  File does not exist.
#  File has not been updated.

test: githooks
#  Phony target (prerequisite of .PHONY).
#  Implicit rule search has not been done.
#  File does not exist.
#  File has not been updated.
#  commands to execute (from `Makefile', line 124):
	SKIP_WASM_BUILD= cargo test --features with-mandala-runtime --all
	

check-integration-tests:
#  Phony target (prerequisite of .PHONY).
#  Implicit rule search has not been done.
#  File does not exist.
#  File has not been updated.
#  commands to execute (from `Makefile', line 98):
	SKIP_WASM_BUILD= cargo check -p runtime-integration-tests --features=with-mandala-runtime
	SKIP_WASM_BUILD= cargo check -p runtime-integration-tests --features=with-karura-runtime
	SKIP_WASM_BUILD= cargo check -p runtime-integration-tests --features=with-acala-runtime
	

build: githooks
#  Phony target (prerequisite of .PHONY).
#  Implicit rule search has not been done.
#  File does not exist.
#  File has not been updated.
#  commands to execute (from `Makefile', line 23):
	SKIP_WASM_BUILD= cargo build --features with-mandala-runtime
	

build-mandala-release:
#  Phony target (prerequisite of .PHONY).
#  Implicit rule search has not been done.
#  File does not exist.
#  File has not been updated.
#  commands to execute (from `Makefile', line 44):
	cargo build --locked --features with-mandala-runtime --profile production --workspace --exclude runtime-integration-tests --exclude e2e-tests --exclude test-service
	

build-full: githooks
#  Phony target (prerequisite of .PHONY).
#  Implicit rule search has not been done.
#  File does not exist.
#  File has not been updated.
#  commands to execute (from `Makefile', line 27):
	cargo build --features with-mandala-runtime
	

submodule:
#  Phony target (prerequisite of .PHONY).
#  Implicit rule search has not been done.
#  File does not exist.
#  File has not been updated.
#  commands to execute (from `Makefile', line 186):
	git submodule update --init --recursive
	

clippy-fix:
#  Phony target (prerequisite of .PHONY).
#  Implicit rule search has not been done.
#  File does not exist.
#  File has not been updated.
#  commands to execute (from `Makefile', line 242):
	CARGO_INCREMENTAL=0 ./orml/scripts/run-clippy.sh --fix -Z unstable-options --broken-code --allow-dirty
	

toolchain:
#  Phony target (prerequisite of .PHONY).
#  Implicit rule search has not been done.
#  File does not exist.
#  File has not been updated.
#  commands to execute (from `Makefile', line 19):
	./scripts/init.sh
	

generate-tokens:
#  Phony target (prerequisite of .PHONY).
#  Implicit rule search has not been done.
#  File does not exist.
#  File has not been updated.
#  commands to execute (from `Makefile', line 226):
	./scripts/generate-tokens-and-predeploy-contracts.sh
	

build-all:
#  Phony target (prerequisite of .PHONY).
#  Implicit rule search has not been done.
#  File does not exist.
#  File has not been updated.
#  commands to execute (from `Makefile', line 31):
	cargo build --locked --features with-all-runtime
	

run-karura:
#  Phony target (prerequisite of .PHONY).
#  Implicit rule search has not been done.
#  File does not exist.
#  File has not been updated.
#  commands to execute (from `Makefile', line 11):
	cargo run --features with-karura-runtime -- --chain=karura
	

bench-evm:
#  Phony target (prerequisite of .PHONY).
#  Implicit rule search has not been done.
#  File does not exist.
#  File has not been updated.
#  commands to execute (from `Makefile', line 246):
 
	cargo bench -p runtime-common --features bench | cargo run --bin weight-gen -- --template ./templates/precompile-weight-template.hbs --output runtime/common/src/precompile/weights.rs
	cargo bench -p module-evm --features bench | evm-bench/analyze_benches.js runtime/common/src/gas_to_weight_ratio.rs
	

purge: target/debug/acala
#  Phony target (prerequisite of .PHONY).
#  Implicit rule search has not been done.
#  File does not exist.
#  File has not been updated.
#  commands to execute (from `Makefile', line 161):
	target/debug/acala purge-chain --dev -y
	

cargo-update:
#  Phony target (prerequisite of .PHONY).
#  Implicit rule search has not been done.
#  File does not exist.
#  File has not been updated.
#  commands to execute (from `Makefile', line 198):
	cargo update
	

check-runtimes:
#  Phony target (prerequisite of .PHONY).
#  Implicit rule search has not been done.
#  File does not exist.
#  File has not been updated.
#  commands to execute (from `Makefile', line 87):
	SKIP_WASM_BUILD= cargo check --features with-all-runtime --tests --all
	

.git/hooks:
#  Implicit rule search has not been done.
#  Modification time never checked.
#  File has not been updated.
#  commands to execute (from `Makefile', line 173):
	mkdir .git/hooks
	

# Not a target:
.DEFAULT:
#  Implicit rule search has not been done.
#  Modification time never checked.
#  File has not been updated.

benchmark-acala:
#  Phony target (prerequisite of .PHONY).
#  Implicit rule search has not been done.
#  File does not exist.
#  File has not been updated.
#  commands to execute (from `Makefile', line 238):
	cargo run --profile production --features=runtime-benchmarks --features=with-acala-runtime -- benchmark --chain=acala-dev --steps=50 --repeat=20 '--pallet=*' '--extrinsic=*' --execution=wasm --wasm-execution=compiled --heap-pages=4096 --template=./templates/runtime-weight-template.hbs --output=./runtime/acala/src/weights/
	

srtool-build-wasm-acala:
#  Phony target (prerequisite of .PHONY).
#  Implicit rule search has not been done.
#  File does not exist.
#  File has not been updated.
#  commands to execute (from `Makefile', line 222):
	PACKAGE=acala-runtime PROFILE=production BUILD_OPTS="--features on-chain-release-build,no-metadata-docs" ./scripts/srtool-build.sh
	

test-all: test-runtimes test-eth test-benchmarking
#  Phony target (prerequisite of .PHONY).
#  Implicit rule search has not been done.
#  File does not exist.
#  File has not been updated.

run-eth:
#  Phony target (prerequisite of .PHONY).
#  Implicit rule search has not been done.
#  File does not exist.
#  File has not been updated.
#  commands to execute (from `Makefile', line 7):
	cargo run --features with-mandala-runtime --features with-ethereum-compatibility -- --dev -lruntime=debug -levm=debug --instant-sealing
	

try-runtime-acala:
#  Phony target (prerequisite of .PHONY).
#  Implicit rule search has not been done.
#  File does not exist.
#  File has not been updated.
#  commands to execute (from `Makefile', line 120):
	SKIP_WASM_BUILD= cargo run --features with-acala-runtime --features try-runtime -- try-runtime --chain=acala-dev --wasm-execution=compiled on-runtime-upgrade live --uri wss://acala-polkadot.api.onfinality.io:443/public-ws -s /tmp/snapshot.bin
	

run:
#  Phony target (prerequisite of .PHONY).
#  Implicit rule search has not been done.
#  File does not exist.
#  File has not been updated.
#  commands to execute (from `Makefile', line 3):
	cargo run --features with-mandala-runtime -- --dev -lruntime=debug --instant-sealing
	

test-e2e:
#  Phony target (prerequisite of .PHONY).
#  Implicit rule search has not been done.
#  File does not exist.
#  File has not been updated.
#  commands to execute (from `Makefile', line 145):
	cargo test --release --package test-service -- --include-ignored --skip test_full_node_catching_up --skip simple_balances_test
	

benchmark-mandala:
#  Phony target (prerequisite of .PHONY).
#  Implicit rule search has not been done.
#  File does not exist.
#  File has not been updated.
#  commands to execute (from `Makefile', line 230):
	cargo run --profile production --features=runtime-benchmarks --features=with-mandala-runtime -- benchmark --chain=mandala-latest --steps=50 --repeat=20 '--pallet=*' '--extrinsic=*' --execution=wasm --wasm-execution=compiled --heap-pages=4096 --template=./templates/runtime-weight-template.hbs --output=./runtime/mandala/src/weights/
	

srtool-build-wasm-mandala:
#  Phony target (prerequisite of .PHONY).
#  Implicit rule search has not been done.
#  File does not exist.
#  File has not been updated.
#  commands to execute (from `Makefile', line 214):
	PACKAGE=mandala-runtime PROFILE=production BUILD_OPTS="--features on-chain-release-build,no-metadata-docs" ./scripts/srtool-build.sh
	

build-acala-internal-release:
#  Phony target (prerequisite of .PHONY).
#  Implicit rule search has not been done.
#  File does not exist.
#  File has not been updated.
#  commands to execute (from `Makefile', line 64):
	cargo build --locked --features with-acala-runtime --release --workspace --exclude runtime-integration-tests --exclude e2e-tests --exclude test-service
	

check-tests: githooks
#  Phony target (prerequisite of .PHONY).
#  Implicit rule search has not been done.
#  File does not exist.
#  File has not been updated.
#  commands to execute (from `Makefile', line 80):
	SKIP_WASM_BUILD= cargo check --features with-all-runtime --tests --all
	

update-orml:
#  Phony target (prerequisite of .PHONY).
#  Implicit rule search has not been done.
#  File does not exist.
#  File has not been updated.
#  commands to execute (from `Makefile', line 190):
	cd orml && git checkout master && git pull
	git add orml
	

try-runtime-mandala:
#  Phony target (prerequisite of .PHONY).
#  Implicit rule search has not been done.
#  File does not exist.
#  File has not been updated.
#  commands to execute (from `Makefile', line 116):
	SKIP_WASM_BUILD= cargo run --features with-mandala-runtime --features try-runtime -- try-runtime --chain=dev --wasm-execution=compiled on-runtime-upgrade live --uri wss://mandala.polkawallet.io:443 -s /tmp/snapshot.bin
	

init: toolchain submodule build-full
#  Phony target (prerequisite of .PHONY).
#  Implicit rule search has not been done.
#  File does not exist.
#  File has not been updated.

build-wasm-karura:
#  Phony target (prerequisite of .PHONY).
#  Implicit rule search has not been done.
#  File does not exist.
#  File has not been updated.
#  commands to execute (from `Makefile', line 206):
	./scripts/build-only-wasm.sh --profile production -p karura-runtime --features=on-chain-release-build --workspace --exclude runtime-integration-tests --exclude e2e-tests
	

check-debug:
#  Phony target (prerequisite of .PHONY).
#  Implicit rule search has not been done.
#  File does not exist.
#  File has not been updated.
#  commands to execute (from `Makefile', line 104):
	RUSTFLAGS="-Z macro-backtrace" SKIP_WASM_BUILD= cargo +nightly check --features with-mandala-runtime
	

build-mandala-internal-release:
#  Phony target (prerequisite of .PHONY).
#  Implicit rule search has not been done.
#  File does not exist.
#  File has not been updated.
#  commands to execute (from `Makefile', line 56):
	cargo build --locked --features with-mandala-runtime --release --workspace --exclude runtime-integration-tests --exclude e2e-tests --exclude test-service
	

build-karura-release:
#  Phony target (prerequisite of .PHONY).
#  Implicit rule search has not been done.
#  File does not exist.
#  File has not been updated.
#  commands to execute (from `Makefile', line 48):
	cargo build --locked --features with-karura-runtime --profile production --workspace --exclude runtime-integration-tests --exclude e2e-tests --exclude test-service
	

check: githooks
#  Phony target (prerequisite of .PHONY).
#  Implicit rule search has not been done.
#  File does not exist.
#  File has not been updated.
#  commands to execute (from `Makefile', line 68):
	SKIP_WASM_BUILD= cargo check --features with-mandala-runtime
	

run-acala:
#  Phony target (prerequisite of .PHONY).
#  Implicit rule search has not been done.
#  File does not exist.
 
#  File has not been updated.
#  commands to execute (from `Makefile', line 15):
	cargo run --features with-acala-runtime -- --chain=acala
	

test-ts: build-mandala-internal-release
#  Phony target (prerequisite of .PHONY).
#  Implicit rule search has not been done.
#  File does not exist.
#  File has not been updated.
#  commands to execute (from `Makefile', line 149):
	cd ts-tests && yarn && yarn run build && ACALA_BUILD=release yarn run test
	

target/debug/acala:
#  Implicit rule search has not been done.
#  Modification time never checked.
#  File has not been updated.
#  commands to execute (from `Makefile', line 167):
	SKIP_WASM_BUILD= cargo build --features with-mandala-runtime
	

test-runtimes:
#  Phony target (prerequisite of .PHONY).
#  Implicit rule search has not been done.
#  File does not exist.
#  File has not been updated.
#  commands to execute (from `Makefile', line 138):
	SKIP_WASM_BUILD= cargo test --all --features with-all-runtime
	SKIP_WASM_BUILD= cargo test -p runtime-integration-tests --features=with-mandala-runtime
	SKIP_WASM_BUILD= cargo test -p runtime-integration-tests --features=with-karura-runtime
	SKIP_WASM_BUILD= cargo test -p runtime-integration-tests --features=with-acala-runtime
	

check-all: check-runtimes check-benchmarks check-integration-tests
#  Phony target (prerequisite of .PHONY).
#  Implicit rule search has not been done.
#  File does not exist.
#  File has not been updated.

# files hash-table stats:
# Load=65/1024=6%, Rehash=0, Collisions=11/218=5%
# VPATH Search Paths

# No `vpath' search paths.

# No general (`VPATH' variable) search path.

# # of strings in strcache: 1
# # of strcache buffers: 1
# strcache size: total = 4096 / max = 4096 / min = 4096 / avg = 4096
# strcache free: total = 4087 / max = 4087 / min = 4087 / avg = 4087

# Finished Make data base on Thu Jun 30 16:20:02 2022

 
